<?xml version="1.0" encoding="UTF-8"?>
<testsuite xmlns:xsi="http://www.w3.org/2001/XMLSchema-instance" xsi:noNamespaceSchemaLocation="https://maven.apache.org/surefire/maven-surefire-plugin/xsd/surefire-test-report.xsd" name="com.wordsfrequencyTest.TestWordFrequrncy" time="0.159" tests="2" errors="0" skipped="0" failures="0">
  <properties>
    <property name="java.specification.version" value="16"/>
    <property name="sun.cpu.isalist" value="amd64"/>
    <property name="sun.jnu.encoding" value="Cp1252"/>
    <property name="java.class.path" value="C:\Users\SAI TEJA\Desktop\JAVA SELF LEARNING\Eclipse_UST -phase_3\wordsfrequency\target\test-classes;C:\Users\SAI TEJA\Desktop\JAVA SELF LEARNING\Eclipse_UST -phase_3\wordsfrequency\target\classes;C:\Users\SAI TEJA\.m2\repository\junit\junit\4.11\junit-4.11.jar;C:\Users\SAI TEJA\.m2\repository\org\hamcrest\hamcrest-core\1.3\hamcrest-core-1.3.jar;"/>
    <property name="java.vm.vendor" value="Oracle Corporation"/>
    <property name="sun.arch.data.model" value="64"/>
    <property name="user.variant" value=""/>
    <property name="java.vendor.url" value="https://java.oracle.com/"/>
    <property name="user.timezone" value="Asia/Calcutta"/>
    <property name="os.name" value="Windows 10"/>
    <property name="java.vm.specification.version" value="16"/>
    <property name="sun.java.launcher" value="SUN_STANDARD"/>
    <property name="user.country" value="IN"/>
    <property name="sun.boot.library.path" value="C:\Program Files\Java\jdk-16\bin"/>
    <property name="sun.java.command" value="C:\Users\SAI TEJA\AppData\Local\Temp\surefire7972626539159117443\surefirebooter16293833566933453011.jar C:\Users\SAI TEJA\AppData\Local\Temp\surefire7972626539159117443 2021-10-22T12-19-47_417-jvmRun1 surefire13571701023183002524tmp surefire_01039106973429923609tmp"/>
    <property name="jdk.debug" value="release"/>
    <property name="surefire.test.class.path" value="C:\Users\SAI TEJA\Desktop\JAVA SELF LEARNING\Eclipse_UST -phase_3\wordsfrequency\target\test-classes;C:\Users\SAI TEJA\Desktop\JAVA SELF LEARNING\Eclipse_UST -phase_3\wordsfrequency\target\classes;C:\Users\SAI TEJA\.m2\repository\junit\junit\4.11\junit-4.11.jar;C:\Users\SAI TEJA\.m2\repository\org\hamcrest\hamcrest-core\1.3\hamcrest-core-1.3.jar;"/>
    <property name="sun.cpu.endian" value="little"/>
    <property name="user.home" value="C:\Users\SAI TEJA"/>
    <property name="user.language" value="en"/>
    <property name="java.specification.vendor" value="Oracle Corporation"/>
    <property name="java.version.date" value="2021-03-16"/>
    <property name="java.home" value="C:\Program Files\Java\jdk-16"/>
    <property name="file.separator" value="\"/>
    <property name="basedir" value="C:\Users\SAI TEJA\Desktop\JAVA SELF LEARNING\Eclipse_UST -phase_3\wordsfrequency"/>
    <property name="java.vm.compressedOopsMode" value="32-bit"/>
    <property name="line.separator" value="&#10;"/>
    <property name="java.vm.specification.vendor" value="Oracle Corporation"/>
    <property name="java.specification.name" value="Java Platform API Specification"/>
    <property name="surefire.real.class.path" value="C:\Users\SAI TEJA\AppData\Local\Temp\surefire7972626539159117443\surefirebooter16293833566933453011.jar"/>
    <property name="user.script" value=""/>
    <property name="sun.management.compiler" value="HotSpot 64-Bit Tiered Compilers"/>
    <property name="java.runtime.version" value="16+36-2231"/>
    <property name="user.name" value="SAI TEJA"/>
    <property name="path.separator" value=";"/>
    <property name="os.version" value="10.0"/>
    <property name="java.runtime.name" value="Java(TM) SE Runtime Environment"/>
    <property name="file.encoding" value="Cp1252"/>
    <property name="java.vm.name" value="Java HotSpot(TM) 64-Bit Server VM"/>
    <property name="localRepository" value="C:\Users\SAI TEJA\.m2\repository"/>
    <property name="java.vendor.url.bug" value="https://bugreport.java.com/bugreport/"/>
    <property name="java.io.tmpdir" value="C:\Users\SAI TEJA\AppData\Local\Temp\"/>
    <property name="java.version" value="16"/>
    <property name="user.dir" value="C:\Users\SAI TEJA\Desktop\JAVA SELF LEARNING\Eclipse_UST -phase_3\wordsfrequency"/>
    <property name="os.arch" value="amd64"/>
    <property name="java.vm.specification.name" value="Java Virtual Machine Specification"/>
    <property name="sun.os.patch.level" value=""/>
    <property name="java.library.path" value="C:\Program Files\Java\jdk-16\bin;C:\WINDOWS\Sun\Java\bin;C:\WINDOWS\system32;C:\WINDOWS;C:\Program Files\Common Files\Oracle\Java\javapath;C:\Program Files (x86)\Common Files\C:\Program Files\Java\jdk1.8.0_221\bin;C:\WINDOWS\system32;C:\WINDOWS;C:\WINDOWS\System32\Wbem;C:\WINDOWS\System32\WindowsPowerShell\v1.0\;C:\WINDOWS\System32\OpenSSH\;C:\Program Files (x86)\Intel\Intel(R) Management Engine Components\DAL;C:\Program Files\Intel\Intel(R) Management Engine Components\DAL;C:\Program Files\Intel\WiFi\bin\;C:\Program Files\Common Files\Intel\WirelessCommon\;C:\Program Files\MongoDB\Server\5.0\bin;C:\Program Files\Git\cmd;C:\Users\SAI TEJA\AppData\Local\Programs\Python\Python37\Scripts\;C:\Users\SAI TEJA\AppData\Local\Programs\Python\Python37\;C:\Program Files\Java\jdk-13\bin;C:\Users\SAI TEJA\AppData\Local\Microsoft\WindowsApps;C:\Users\SAI TEJA\AppData\Local\Programs\Microsoft VS Code\bin;C:\Users\SAI TEJA\AppData\Local\GitHubDesktop\bin;C:\Program Files\JetBrains\IntelliJ IDEA Educational Edition 2021.2\bin;;C:\Program Files\JetBrains\IntelliJ IDEA Community Edition 2021.2.2\bin;;."/>
    <property name="java.vm.info" value="mixed mode, sharing"/>
    <property name="java.vendor" value="Oracle Corporation"/>
    <property name="java.vm.version" value="16+36-2231"/>
    <property name="sun.io.unicode.encoding" value="UnicodeLittle"/>
    <property name="java.class.version" value="60.0"/>
  </properties>
  <testcase name="wordCountTest" classname="com.wordsfrequencyTest.TestWordFrequrncy" time="0.009"/>
  <testcase name="readFromFileTest" classname="com.wordsfrequencyTest.TestWordFrequrncy" time="0"/>
</testsuite>